_____________________________________________________________________________

           Estatistica de processos do dia 29.Aug.2013 as 18.20 
          ________________________________________________________ 

		 Impressoes 
			└ PRINTER2  398 
			└ PRINTER8  164 
			└ PRINTER5  11 
			└ Pdf's     4 
		 E-mail's
			└ Sucesso   40 
			└ Falha     0 
_____________________________________________________________________________

_____________________________________________________________________________

           Estatistica de processos do dia 29.Aug.2013 as 18.58 
          ________________________________________________________ 

		 Impressoes 
			└ PRINTER2  398 
			└ PRINTER8  164 
			└ PRINTER5  11 
			└ Pdf's     4 
		 E-mail's
			└ Sucesso   40 
			└ Falha     0 
_____________________________________________________________________________

_____________________________________________________________________________

           Estatistica de processos do dia 30.Aug.2013 as 18.38 
          ________________________________________________________ 

		 Impressoes 
			└ PRINTER2  525 
			└ PRINTER8  227 
			└ PRINTER5  12 
			└ Pdf's     0 
		 E-mail's
			└ Sucesso   39 
			└ Falha     1 
_____________________________________________________________________________

_____________________________________________________________________________

           Estatistica de processos do dia 31.Aug.2013 as 12.43 
          ________________________________________________________ 

		 Impressoes 
			└ PRINTER2  235 
			└ PRINTER8  49 
			└ PRINTER5  4 
			└ Pdf's     0 
		 E-mail's
			└ Sucesso   0 
			└ Falha     0 
_____________________________________________________________________________

_____________________________________________________________________________

           Estatistica de processos do dia 02.Sep.2013 as 18.51 
          ________________________________________________________ 

		 Impressoes 
			└ PRINTER2  553 
			└ PRINTER8  192 
			└ PRINTER5  18 
			└ Pdf's     2 
		 E-mail's
			└ Sucesso   78 
			└ Falha     1734 
_____________________________________________________________________________

_____________________________________________________________________________

           Estatistica de processos do dia 03.Sep.2013 as 18.29 
          ________________________________________________________ 

		 Impressoes 
			└ PRINTER2  586 
			└ PRINTER8  299 
			└ PRINTER5  21 
			└ Pdf's     11 
		 E-mail's
			└ Sucesso   82 
			└ Falha     0 
_____________________________________________________________________________

_____________________________________________________________________________

           Estatistica de processos do dia 04.Sep.2013 as 18.46 
          ________________________________________________________ 

		 Impressoes 
			└ PRINTER2  633 
			└ PRINTER8  258 
			└ PRINTER5  16 
			└ Pdf's     1 
		 E-mail's
			└ Sucesso   38 
			└ Falha     21 
_____________________________________________________________________________

_____________________________________________________________________________

           Estatistica de processos do dia 05.Sep.2013 as 18.43 
          ________________________________________________________ 

		 Impressoes 
			└ PRINTER2  613 
			└ PRINTER8  227 
			└ PRINTER5  15 
			└ Pdf's     0 
		 E-mail's
			└ Sucesso   46 
			└ Falha     0 
_____________________________________________________________________________

_____________________________________________________________________________

           Estatistica de processos do dia 06.Sep.2013 as 18.38 
          ________________________________________________________ 

		 Impressoes 
			└ PRINTER2  527 
			└ PRINTER8  254 
			└ PRINTER5  11 
			└ Pdf's     0 
		 E-mail's
			└ Sucesso   53 
			└ Falha     0 
_____________________________________________________________________________

_____________________________________________________________________________

           Estatistica de processos do dia 09.Sep.2013 as 18.21 
          ________________________________________________________ 

		 Impressoes 
			└ PRINTER2  477 
			└ PRINTER8  262 
			└ PRINTER5  17 
			└ Pdf's     11 
		 E-mail's
			└ Sucesso   42 
			└ Falha     0 
_____________________________________________________________________________

_____________________________________________________________________________

           Estatistica de processos do dia 10.Sep.2013 as 18.45 
          ________________________________________________________ 

		 Impressoes 
			└ PRINTER2  636 
			└ PRINTER8  253 
			└ PRINTER5  27 
			└ Pdf's     0 
		 E-mail's
			└ Sucesso   68 
			└ Falha     860 
_____________________________________________________________________________

_____________________________________________________________________________

           Estatistica de processos do dia 11.Sep.2013 as 18.54 
          ________________________________________________________ 

		 Impressoes 
			└ PRINTER2  626 
			└ PRINTER8  313 
			└ PRINTER5  13 
			└ Pdf's     0 
		 E-mail's
			└ Sucesso   75 
			└ Falha     1 
_____________________________________________________________________________

_____________________________________________________________________________

           Estatistica de processos do dia 12.Sep.2013 as 18.42 
          ________________________________________________________ 

		 Impressoes 
			└ PRINTER2  673 
			└ PRINTER8  303 
			└ PRINTER5  10 
			└ Pdf's     74 
		 E-mail's
			└ Sucesso   48 
			└ Falha     3 
_____________________________________________________________________________

_____________________________________________________________________________

           Estatistica de processos do dia 13.Sep.2013 as 18.56 
          ________________________________________________________ 

		 Impressoes 
			└ PRINTER2  548 
			└ PRINTER8  261 
			└ PRINTER5  14 
			└ Pdf's     8 
		 E-mail's
			└ Sucesso   74 
			└ Falha     1 
_____________________________________________________________________________

_____________________________________________________________________________

           Estatistica de processos do dia 14.Set.2013 as 12.19 
          ________________________________________________________ 

		 Impressoes 
			└ PRINTER2  214 
			└ PRINTER8  47 
			└ PRINTER5  3 
			└ Pdf's     8 
		 E-mail's
			└ Sucesso   18 
			└ Falha     0 
_____________________________________________________________________________

_____________________________________________________________________________

           Estatistica de processos do dia 16.Set.2013 as 19.05 
          ________________________________________________________ 

		 Impressoes 
			└ PRINTER2  616 
			└ PRINTER8  261 
			└ PRINTER5  26 
			└ Pdf's     9 
		 E-mail's
			└ Sucesso   56 
			└ Falha     3627 
_____________________________________________________________________________

_____________________________________________________________________________

           Estatistica de processos do dia 17.Set.2013 as 18.34 
          ________________________________________________________ 

		 Impressoes 
			└ PRINTER2  592 
			└ PRINTER8  270 
			└ PRINTER5  14 
			└ Pdf's     17 
		 E-mail's
			└ Sucesso   49 
			└ Falha     6 
_____________________________________________________________________________

_____________________________________________________________________________

           Estatistica de processos do dia 18.Set.2013 as 18.46 
          ________________________________________________________ 

		 Impressoes 
			└ PRINTER2  560 
			└ PRINTER8  329 
			└ PRINTER5  20 
			└ Pdf's     11 
		 E-mail's
			└ Sucesso   67 
			└ Falha     22 
_____________________________________________________________________________

_____________________________________________________________________________

           Estatistica de processos do dia 19.Set.2013 as 19.01 
          ________________________________________________________ 

		 Impressoes 
			└ PRINTER2  666 
			└ PRINTER8  310 
			└ PRINTER5  14 
			└ Pdf's     12 
		 E-mail's
			└ Sucesso   47 
			└ Falha     0 
_____________________________________________________________________________

_____________________________________________________________________________

           Estatistica de processos do dia 20.Set.2013 as 18.39 
          ________________________________________________________ 

		 Impressoes 
			└ PRINTER2  490 
			└ PRINTER8  249 
			└ PRINTER5  16 
			└ Pdf's     6 
		 E-mail's
			└ Sucesso   63 
			└ Falha     0 
_____________________________________________________________________________

_____________________________________________________________________________

           Estatistica de processos do dia 21.Set.2013 as 12.39 
          ________________________________________________________ 

		 Impressoes 
			└ PRINTER2  244 
			└ PRINTER8  33 
			└ PRINTER5  7 
			└ Pdf's     7 
		 E-mail's
			└ Sucesso   2 
			└ Falha     0 
_____________________________________________________________________________

_____________________________________________________________________________

           Estatistica de processos do dia 23.Set.2013 as 18.31 
          ________________________________________________________ 

		 Impressoes 
			└ PRINTER2  532 
			└ PRINTER8  234 
			└ PRINTER5  22 
			└ Pdf's     9 
		 E-mail's
			└ Sucesso   59 
			└ Falha     238 
_____________________________________________________________________________

_____________________________________________________________________________

           Estatistica de processos do dia 24.Set.2013 as 18.04 
          ________________________________________________________ 

		 Impressoes 
			└ PRINTER2  548 
			└ PRINTER8  349 
			└ PRINTER5  24 
			└ Pdf's     8 
		 E-mail's
			└ Sucesso   67 
			└ Falha     2 
_____________________________________________________________________________

_____________________________________________________________________________

           Estatistica de processos do dia 25.Set.2013 as 18.38 
          ________________________________________________________ 

		 Impressoes 
			└ PRINTER2  621 
			└ PRINTER8  327 
			└ PRINTER5  33 
			└ Pdf's     7 
		 E-mail's
			└ Sucesso   53 
			└ Falha     206 
_____________________________________________________________________________

_____________________________________________________________________________

           Estatistica de processos do dia 26.Set.2013 as 18.16 
          ________________________________________________________ 

		 Impressoes 
			└ PRINTER2  588 
			└ PRINTER8  314 
			└ PRINTER5  18 
			└ Pdf's     16 
		 E-mail's
			└ Sucesso   65 
			└ Falha     0 
_____________________________________________________________________________

_____________________________________________________________________________

           Estatistica de processos do dia 27.Set.2013 as 18.35 
          ________________________________________________________ 

		 Impressoes 
			└ PRINTER2  579 
			└ PRINTER8  318 
			└ PRINTER5  20 
			└ Pdf's     10 
		 E-mail's
			└ Sucesso   31 
			└ Falha     0 
_____________________________________________________________________________

_____________________________________________________________________________

           Estatistica de processos do dia 28.Set.2013 as 12.30 
          ________________________________________________________ 

		 Impressoes 
			└ PRINTER2  209 
			└ PRINTER8  41 
			└ PRINTER5  5 
			└ Pdf's     6 
		 E-mail's
			└ Sucesso   2 
			└ Falha     0 
_____________________________________________________________________________

_____________________________________________________________________________

           Estatistica de processos do dia 30.Set.2013 as 18.36 
          ________________________________________________________ 

		 Impressoes 
			└ PRINTER2  472 
			└ PRINTER8  214 
			└ PRINTER5  28 
			└ Pdf's     5 
		 E-mail's
			└ Sucesso   55 
			└ Falha     2516 
_____________________________________________________________________________

_____________________________________________________________________________

           Estatistica de processos do dia 01.Out.2013 as 18.46 
          ________________________________________________________ 

		 Impressoes 
			└ PRINTER2  533 
			└ PRINTER8  270 
			└ PRINTER5  16 
			└ Pdf's     10 
		 E-mail's
			└ Sucesso   39 
			└ Falha     3 
_____________________________________________________________________________

_____________________________________________________________________________

           Estatistica de processos do dia 02.Out.2013 as 18.48 
          ________________________________________________________ 

		 Impressoes 
			└ PRINTER2  597 
			└ PRINTER8  264 
			└ PRINTER5  13 
			└ Pdf's     6 
		 E-mail's
			└ Sucesso   45 
			└ Falha     0 
_____________________________________________________________________________

_____________________________________________________________________________

           Estatistica de processos do dia 03.Out.2013 as 18.33 
          ________________________________________________________ 

		 Impressoes 
			└ PRINTER2  655 
			└ PRINTER8  320 
			└ PRINTER5  15 
			└ Pdf's     12 
		 E-mail's
			└ Sucesso   60 
			└ Falha     175 
_____________________________________________________________________________

_____________________________________________________________________________

           Estatistica de processos do dia 04.Out.2013 as 18.33 
          ________________________________________________________ 

		 Impressoes 
			└ PRINTER2  517 
			└ PRINTER8  314 
			└ PRINTER5  13 
			└ Pdf's     10 
		 E-mail's
			└ Sucesso   60 
			└ Falha     0 
_____________________________________________________________________________

_____________________________________________________________________________

           Estatistica de processos do dia 05.Out.2013 as 12.32 
          ________________________________________________________ 

		 Impressoes 
			└ PRINTER2  206 
			└ PRINTER8  30 
			└ PRINTER5  6 
			└ Pdf's     16 
		 E-mail's
			└ Sucesso   5 
			└ Falha     0 
_____________________________________________________________________________

_____________________________________________________________________________

           Estatistica de processos do dia 07.Out.2013 as 18.37 
          ________________________________________________________ 

		 Impressoes 
			└ PRINTER2  562 
			└ PRINTER8  210 
			└ PRINTER5  13 
			└ Pdf's     14 
		 E-mail's
			└ Sucesso   43 
			└ Falha     1091 
_____________________________________________________________________________

_____________________________________________________________________________

           Estatistica de processos do dia 08.Out.2013 as 19.00 
          ________________________________________________________ 

		 Impressoes 
			└ PRINTER2  584 
			└ PRINTER8  298 
			└ PRINTER5  16 
			└ Pdf's     9 
		 E-mail's
			└ Sucesso   64 
			└ Falha     0 
_____________________________________________________________________________

_____________________________________________________________________________

           Estatistica de processos do dia 09.Out.2013 as 18.35 
          ________________________________________________________ 

		 Impressoes 
			└ PRINTER2  693 
			└ PRINTER8  251 
			└ PRINTER5  17 
			└ Pdf's     12 
		 E-mail's
			└ Sucesso   64 
			└ Falha     5883 
_____________________________________________________________________________

_____________________________________________________________________________

           Estatistica de processos do dia 10.Out.2013 as 18.54 
          ________________________________________________________ 

		 Impressoes 
			└ PRINTER2  487 
			└ PRINTER8  321 
			└ PRINTER5  8 
			└ Pdf's     6 
		 E-mail's
			└ Sucesso   57 
			└ Falha     0 
_____________________________________________________________________________

_____________________________________________________________________________

           Estatistica de processos do dia 11.Out.2013 as 18.56 
          ________________________________________________________ 

		 Impressoes 
			└ PRINTER2  507 
			└ PRINTER8  298 
			└ PRINTER5  16 
			└ Pdf's     12 
		 E-mail's
			└ Sucesso   42 
			└ Falha     3437 
_____________________________________________________________________________

_____________________________________________________________________________

           Estatistica de processos do dia 14.Out.2013 as 18.57 
          ________________________________________________________ 

		 Impressoes 
			└ PRINTER2  604 
			└ PRINTER8  282 
			└ PRINTER5  11 
			└ Pdf's     15 
		 E-mail's
			└ Sucesso   66 
			└ Falha     1 
_____________________________________________________________________________

_____________________________________________________________________________

           Estatistica de processos do dia 15.Out.2013 as 18.48 
          ________________________________________________________ 

		 Impressoes 
			└ PRINTER2  614 
			└ PRINTER8  290 
			└ PRINTER5  20 
			└ Pdf's     7 
		 E-mail's
			└ Sucesso   57 
			└ Falha     2387 
_____________________________________________________________________________

_____________________________________________________________________________

           Estatistica de processos do dia 16.Out.2013 as 18.59 
          ________________________________________________________ 

		 Impressoes 
			└ PRINTER2  542 
			└ PRINTER8  320 
			└ PRINTER5  19 
			└ Pdf's     13 
		 E-mail's
			└ Sucesso   47 
			└ Falha     2 
_____________________________________________________________________________

_____________________________________________________________________________

           Estatistica de processos do dia 17.Out.2013 as 18.52 
          ________________________________________________________ 

		 Impressoes 
			└ PRINTER2  597 
			└ PRINTER8  288 
			└ PRINTER5  20 
			└ Pdf's     12 
		 E-mail's
			└ Sucesso   82 
			└ Falha     4421 
_____________________________________________________________________________

_____________________________________________________________________________

           Estatistica de processos do dia 18.Out.2013 as 18.32 
          ________________________________________________________ 

		 Impressoes 
			└ PRINTER2  580 
			└ PRINTER8  259 
			└ PRINTER5  12 
			└ Pdf's     10 
		 E-mail's
			└ Sucesso   47 
			└ Falha     0 
_____________________________________________________________________________

_____________________________________________________________________________

           Estatistica de processos do dia 19.Out.2013 as 12.17 
          ________________________________________________________ 

		 Impressoes 
			└ PRINTER2  231 
			└ PRINTER8  30 
			└ PRINTER5  11 
			└ Pdf's     4 
		 E-mail's
			└ Sucesso   7 
			└ Falha     0 
_____________________________________________________________________________

_____________________________________________________________________________

           Estatistica de processos do dia 21.Out.2013 as 18.42 
          ________________________________________________________ 

		 Impressoes 
			└ PRINTER2  611 
			└ PRINTER8  247 
			└ PRINTER5  14 
			└ Pdf's     15 
		 E-mail's
			└ Sucesso   51 
			└ Falha     0 
_____________________________________________________________________________

