vendas@casadosparafusos.com 
SILVA.CASADOSPARAFUSOS@GMAIL.COM 
andre@grupofava.com.be 
andre@grupofava.com.be 
SILVA.CASADOSPARAFUSOS@GMAIL.COM 
SILVA.CASADOSPARAFUSOS@GMAIL.COM 
SILVA.CASADOSPARAFUSOS@GMAIL.COM 
engedmilson@hotmail.com 
engedmilson@hotmail.com 
engedmilson@hotmail.com 
sueliton@novagalia.com.br 
engdmilson@hotmail.com 
engedmilson@hotmail.com 
engedmilson@hotmail.com 
atendimentoarrozlideranca@gmail.com 
gisele@jjzbeef.com.br 
denise@casadosparafusos.com 
CEZAR.CASADOSPARAFUSOS@GMAIL.COM 
fabriciorbrazao@terra.com.br 
KATIUSCIA.CASADOSPARAFUSOS@GMAIL.COM 
andre@grupofava.com.be 
CEZAR.CASADOSPARAFUSOS@GMAIL.COM 
andre@grupofava.com.be 
KATIUSCIA.CASADOSPARAFUSOS@GMAIL.COM 
SILVA.CASADOSPARAFUSOS@GMAIL.COM 
AUTOPECASTEMTEM@GMAIL.COM 
SILVA.CASADOSPARAFUSOS@GMAIL.COM 
SILVA.CASADOSPARAFUSOS@GMAIL.COM 
SILVA.CASADOSPARAFUSOS@GMAIL.COM 
SILVA.CASADOSPARAFUSOS@GMAIL.COM 
SILVA.CASADOSPARAFUSOS@GMAIL.COM 
mineracaomrf@hotmail.com 
ednei.casadosparafusos@hotmail.com 
COMPRASSERRANEGRA@GMAIL.COM 
SILVA.CASADOSPARAFUSOS@GMAIL.COM 
donizeti.casadosparafusos@gmail.com 
donizeti.casadosparafusos@gmail.com 
alessandro.casadosparafusos@gmail.com 
vendas@casadosparafusos.com 
alternativaserv.industrias1@gmail.com 
vendas@casadosparafusos.com 
elione@vienaluzes.com 
xavier.casadosparafusos@gmail.com 
vendas@casadosparafusos.com 
ivan.almeida@lin.jbs.com.br 
rodrigo.avila@gyn.jbs.com.br 
adm@energysysten.com.br 
vendas@casadosparafusos.com 
vendas@casadosparafusos.com 
vendas@casadosparafusos.com 
compras@cnwk.com.br 
jardson.casadosparafusos@gmail.com 
SILVA.CASADOSPARAFUSOS@GMAIL.COM 
SILVA.CASADOSPARAFUSOS@GMAIL.COM 
comercial@routhelevadores.com.br 
comercial@routhelevadores.com.br 
a.paula.casadosparafusos@gmail.com 
administrativo@routhelevadores.com.br 
administrativo@routhelevadores.com.br 
olivia@fjengenharia.com.br 
olivia@fjengenharia.com.br 
KATIUSCIA.CASADOSPARAFUSOS@GMAIL.COM 
KATIUSCIA.CASADOSPARAFUSOS@GMAIL.COM 
compras@quick-logistica.com.br 
ednei.casasosparafusos@hotmai.com 
compras@perfinasa.com.br 
alternativaserv.industriais1@gmail.com 
alternativaserv.industriais1@gmail.com 
vendas@casadosparafusos.com 
KATIUSCIA.CASADOSPARAFUSOS@GMAIL.COM 
sueliton@novagalia.com.br 
KATIUSCIA.CASADOSPARAFUSOS@GMAIL.COM 
michel.casadosparafusos@gmail.com 
SUELITON@NOVAGALIA.COM.BR 
persilia.casadosparafusos@gmail.com 
SILVA.CASADOSPARAFUSOS@GMAIL.COM 
KATIUSCIA.CASADOSPARAFUSOS@GMAIL.COM 
hugocp02@gmail.com 
hugocp02@gmail.com 
donizeti.casadosparafusos@gmail.com 
donizeti.casadosparafusos@gmail.com 
juvenil@cmtengenharia.com.br 
igor.casadosparafusos@gmail.com 
juvenil@cmtengenharia.com.br 
igor.casadosparafusos@gmail.com 
materiais@diamondaviacao.com.br 
SILVA.CASADOSPARAFUSOS@GMAIL.COM 
KATIUSCIA.CASADOSPARAFUSOS@GMAIL.COM 
KATIUSCIA.CASADOSPARAFUSOS@GMAIL.COM 
KATIUSCIA.CASADOSPARAFUSOS@GMAIL.COM 
vendas@casadosparafusos.com 
patrolservice@hotmail.com 
xavier.casadosparafusos@gmail.com 
patrolservice@hotmail.com 
xavier.casadosparafusos@gmail.com 
elione@vienaluzes.com 
contato@ferragistabarata.com.br 
contato@ferragistabarata.com.br 
compras.sh@fugacouros.com.br 
darllys.rondinely@durlicouros.com.br 
arthur.casadosparafusos@gmail.com 
CEZAR.casadosparafusos@gmail.com 
donizeti.casadosparafusos@gmail.com 
compras@goldec.com.br 
GUERRA@CASADOSPARAFUSOS.COM 
juvenil@cmtengenharia.com.br 
igor.casadosparafusos@gmail.com 
alessandro.casadosparafusos@gmail.com 
GUERRA@CASADOSPARAFUSOS.COM 
GUERRA@CASADOSPARAFUSOS.COM 
GUERRA@CASADOSPARAFUSOS.COM 
GUERRA@CASADOSPARAFUSOS.COM 
vendas@casadosparafusos.com 
vendas@casadosparafusos.com 
vendas@casadosparafusos.com 
cmvo@goiasconstrutora.com.br 
SILVA.CASADOSPARAFUSOS@GMAIL.COM 
financeiropedrabritada@gmail.com 
compras2@flexibase.com.br 
xavier.casadosparafusos@gmail.com 
silvamy@ipirangareciclagem.com.br 
vendas@casadosparafusos.com 
nader@jcruzeiro.com 
SILVA.CASADOSPARAFUSOS@GMAIL.COM 
SILVA.CASADOSPARAFUSOS@GMAIL.COM 
CEZA.CASADOSPARAFUSOS@GMAIL.COM 
SILVA.CASADOSPARAFUSOS@GMAIL.COM 
KATIUSCIA.CASADOSPARAFUSOS@GMAIL.COM 
cezar.casadosparafusos@gmail.com 
cezar2casadosparafusos@gmail.com 
KATIUSCIA.CASADOSPARAFUSOS@GMAIL.COM 
cezar@casadosparafusos.com 
donizeti.casadosparafusos@gmail.com 
LEANDRO.MAN@SANEFER.COM.BR 
LEANDRO.MAN@SANEFER.COM.BR 
SILVA.CASADOSPARAFUSOS@GMAIL.COM 
darllys.rondinely@durlicouros.com.br 
arthur.casadosparafusos@gmail.com 
SILVA.CASADOSPARAFUSOS@GMAIL.COM 
SILVA.CASADOSPARAFUSOS@GMAIL.COM 
SILVA.CASADOSPARAFUSOS@GMAIL.COM 
SILVA.CASADOSPARAFUSOS@GMAIL.COM 
silvamy@ipirangareciclagem.com.br 
gsmigevaert@globo.com 
juvenil@cmtengenharia.com.br 
igor.casadosparafusos@gmail.com 
silvamy@ipirangareciclagem.com.br 
gsmigevaert@globo.com 
nayaraexpmaia@hotmail.com 
michel.casadosparafusos@gmail.com 
m.marques@sodru.com 
mauro@usimaq.com 
mauro@usimaq.com 
SILVA.CASADOSPARAFUSOS@GMAIL.COM 
elcione.lopes@cristalalimentos.com.br 
KATIUSCIA.CASADOSPARAFUSOS@GMAIL.COM 
KATIUSCIA.CASADOSPARAFUSOS@GMAIL.COM 
luciene.casadosparafusos@gmail.com 
CEZAR.casadosparafusos@gmail.com 
vendas@casadosparafusos.com 
rodrigo.souza@limagrain.com 
kele.casadosparafusos@gmail.com 
rodrigo.souza@limagrain.com 
kele.casadosparafusos@gmail.com 
alessandro.casadosparafusos@gmail.com 
zecarlos@superfrango.com.br 
vendas@casadosparafusos.com 
GUERRA@CASADOSPARAFUSOS.COM 
SILVA.CASADOSPARAFUSOS@GMAIL.COM 
CEZAR.CASADOSPARAFUSOS@GMAIL.COM 
SILVA.CASADOSPARAFUSOS@GMAIL.COM 
vendas@casadosparafusos.com 
vendas@casadosparafusos.com 
KATIUSCIA.CASADOSPARAFUSOS@GMAIL.COM 
logistica@cambury.br 
xavier.casadosparafusos@gmail.com 
vendas@casadosparafusos.com 
logistica@cambury.br 
xavier.casadosparafusos@gmail.com 
KATIUSCIA.CASADOSPARAFUSOS@GMAIL.COM 
WESLEY.FERNANDES@TERMOPOT.COM.BR 
compras@agropontieri.com.br 
KATIUSCIA.CASADOSPARAFUSOS@GMAIL.COM 
QUEIROZ@CASADOSPARAFUSOS.COM 
KATIUSCIA.CASADOSPARAFUSOS@GMAIL.COM 
SILVA.CASADOSPARAFUSOS@GMAIL.COM 
gleidistone.marques@atman.com.br 
xavier.casadosparafusos@gmail.com 
cristiano@pavienge.com.br 
a.paula.casadosparafusos@gmail.com 
vendas@casadosparafusos.com 
claudioadv17@ig.com.br 
claudioadv17@ig.com.br 
compras.fch@fuga-couros.com.br 
KATIUSCIA.CASADOSPARAFUSOS@GMAIL.COM 
mauro@usimaq.com 
marcio_martins16@hotmail.com 
marcio_martins16@hotmail.com 
CEZAR@CASADOSPARAFUSOS.COM 
VENDAS@CASADOSPARAFUSOS.COM 
vendas@casadosparafusos.com 
vendas@casadosparafusos.com 
compras@somarefer.com.br 
KATIUSCIA.CASADOSPARAFUSOS@GMAIL.COM 
juvenil@cmtengenharia.com.br 
igor.casadosparafusos@gmail.com 
luciene.casadosparafusos@gmail.com 
luciene.casadosparafusos@gmail.com 
xavier.casadosparafusos@gmail.com 
xavier.casadosparafusos@gmail.com 
claudioadv17@ig.com.br 
claudioadv17@ig.com.br 
ludiane@irrigaservice.com 
ely.casadosparafusos@gmail.com 
compras@leinertex.com.br 
ely.casadosparafusos@gmail.com 
thiago.paulo@portobeloweb.com.br 
denilson.casadosparafusos@gmail.com 
administrativo@routhelevadores.com.br 
CEZAR.CASADOSPARAFUSOS@GMAIL.COM 
cristiano@pavienge.com.br 
QUEIROZ@CASADOSPARAFUSOS.COM 
SILVA.CASADOSPARAFUSOS@GMAIL.COM 
LOGISTICA@SOTRIGO.COM.BR 
compras@cmccatalana.com.br 
VENDAS@CASADOSPARAFUSOS.COM 
QUEIROZ@CASADOSPARAFUSOS.COM 
compras.sh@fugacouros.com.br 
compras.sh@fugacouros.com.br 
vendas@casadosparafusos.com 
xavier.casadosparafusos@gmail.com 
elvismarques@hotmail.com 
vendas@casadosparafusos.com 
vendas@casadosparafusos.com 
liomarferr1@hotmail.com 
liomarferr1@hotmail.com 
vendas@casadosparafusos.com 
CEZAR.casadosparafusos@gmail.com 
rdindustrial@rdindustrial.com.br 
christian@evomax.eng.br 
christian@evomax.eng.br 
administrativo@routhelevadores.com.br 
administrativo@routhelevadores.com.br 
christian@evomax.eng.br 
SILVA.CASADOSPARAFUSOS@GMAIL.COM 
CEZAR.casadosparafusos@gmail.com 
christian@evomax.eng.br 
lara.oliveira@opusincorporadora.com.br 
vendas@casadosparafusos.com 
michel.casadosparafusos@gmail.com 
KATIUSCIA.CASADOSPARAFUSOS@GMAIL.COM 
compras@volga.com.br 
SILVA.CASADOSPARAFUSOS@GMAIL.COM 
liomarferr1@hotmail.com 
silva.casadosparafusos@gmail.com 
vendas@ultracomponentes.com.br 
igor.casadosparafusos@gmail.com 
silva.casadosparafusos@gmail.com 
SILVA.CASADOSPARAFUSOS@GMAIL.COM 
suprimentos@fjengenharia.com.br 
SILVA.CASADOSPARAFUSOS@GMAIL.COM 
claudio@pedreiraaraguaia.com.br 
denilson.casadosparafusos@gmail.com 
SILVA.CASADOSPARAFUSOS@GMAIL.COM 
claudio@pedreiraaraguaia.com.br 
denilson.casadosparafusos@gmail.com 
suprimentos@fjengenharia.com.br 
denilson.casadosparafusos@gmail.com 
xavier.casadosparafusos@gmail.com 
xavier.casadosparafusos@gmail.com 
KATIUSCIA.CASADOSPARAFUSOS@GMAIL.COM 
GUERRA@CASADOSPARAFUSOS.COM 
hugocp02@gmail.com 
sdtransformadores@hotmail.com 
vendas@casadosparafusos.com 
vendas@casadosparafusos.com 
silvamy@ipirangareciclagem.com.br 
VENDAS@CASADOSPARAFUSOS.COM 
hugocp02@gmail.com 
odilon@fazendafigueiredo.com.br 
odilon@fazendafigueiredo.com.br 
compras2@cmccatalana.com.br 
denilson.casadosparafusos@gmail.com 
denilson.casadosparafusos@gmail.com 
denilson.casadosparafusos@gmail.com 
denilson.casadosparafusos@gmail.com 
ricardofe@odebrecht.com 
peixoto@odebrecht.com 
CEZAR.casadosparafusos@gmail.com 
KATIUSCIA.CASADOSPARAFUSOS@GMAIL.COM 
liomarferr1@hotmail.com 
sirseronni@hotmail.com 
SILVA.CASADOSPARAFUSOS@GMAIL.COM 
michel.casadosparafusos@gmail.com 
SILVA.CASADOSPARAFUSOS@GMAIL.COM 
SILVA.CASADOSPARAFUSOS@GMAIL.COM 
POLLYFREIOS@TERRA.COM.BR 
juvenil@cmtengenharia.com.br 
vendas@casadosparafusos.com 
michel.casadosparafusos@gmail.com 
eduardo.henriques@deltaconstrucao.com.br 
KATIUSCIA.CASADOSPARAFUSOS@GMAIL.COM 
KATIUSCIA.CASADOSPARAFUSOS@GMAIL.COM 
denilson.casadosparafusos@gmail.com 
KATIUSCIA.CASADOSPARAFUSOS@GMAIL.COM 
KATIUSCIA.CASADOSPARAFUSOS@GMAIL.COM 
vendas@casadosparafusos.com 
vendas@casadosparafusos.com 
denilson.casadosparafusos@gmail.com 
alessandro.casadosparafusos@gmail.com 
GUERRA@CASADOSPARAFUSOS.COM 
KATIUSCIA.CASADOSPARAFUSOS@GMAIL.COM 
silva.casadosparafusos@gmail.com 
silva.casadosparafusos@gmail.com 
bruna.luiz@metallightgondolas.com.br 
compras@metaindustrial.com.br 
vendas@casadosparafusos.com 
jandaiacompras@terra.com.br 
jandaiacompras@terra.com.br 
graca@metallightaluminio.com.br 
compras@leinertex.com.br 
ely.casadosparafusos@gmail.com 
jessica@inoxnew.com.br 
vendas@casadosparafusos.com 
vendas@casadosparafusos.com 
vendas@casadosparafusos.com 
vendas@casadosparafusos.com 
juvenil@cmtengenharia.com.br 
igor.casadosparafusos@gmail.com 
GUERRA@CASADOSPARAFUSOS.COM 
cleber@agrofava.com.br 
SILVA.CASADOSPARAFUSOS@GMAIL.COM 
SILVA.CASADOSPARAFUSOS@GMAIL.COM 
SILVA.CASADOSPARAFUSOS@GMAIL.COM 
administrativo@reisforts.com.br 
administrativo@reisforts.com.br 
xavier.casadosparafusos@gmail.com 
alessandro.casadosparafusos@gmail.com 
alessandro.casadosparafusos@gmail.com 
alessandro.casadosparafusos@gmail.com 
alessandro.casadosparafusos@gmail.com 
KATIUSCIA.CASADOSPARAFUSOS@GMAIL.COM 
KATIUSCIA.CASADOSPARAFUSOS@GMAIL.COM 
KATIUSCIA.CASADOSPARAFUSOS@GMAIL.COM 
welder.casadosparafusos@gmail.com 
agnamar@novageo.com.br 
denilson.casadosparafusos@gmail.com 
KATIUSCIA.CASADOSPARAFUSOS@GMAIL.COM 
KATIUSCIA.CASADOSPARAFUSOS@GMAIL.COM 
lflubrificantes@hotmail.com 
igor.casadosparafusos@gmail.com 
luizmoura@paraguacuengenharia.com.br 
denilson.casadosparafusos@gmail.com 
luizmoura@paraguacuengenharia.com.br 
denilson.casadosparafusos@gmail.com 
compras.fch@fuga-couros.com.br 
SILVA.CASADOSPARAFUSOS@GMAIL.COM 
SILVA.CASADOSPARAFUSOS@GMAIL.COM 
vendas@casadosparafusos.com 
SILVA.CASADOSPARAFUSOS@GMAIL.COM 
SILVA.CASADOSPARAFUSOS@GMAIL.COM 
GUERRA@CASADOSPARAFUSOS.COM 
vendas@casadosparafusos.com 
vendas@casadosparafusos.com 
vendas@casadosparafusos.com 
SILVA.CASADOSPARAFUSOS@GMAIL.COM 
donizeti.casadosparafusos@gmial.com 
SILVA.CASADOSPARAFUSOS@GMAIL.COM 
SILVA.CASADOSPARAFUSOS@GMAIL.COM 
donizeti.casadosparafusos@gmail.com 
sueliton@novagalia.com.br 
geraltratores@hotmail.com 
geraltratores@hotmail.com 
geraltratores@hotmail.com 
vendas@casadosparafusos.com 
SILVA.CASADOSPARAFUSOS@GMAIL.COM 
SUELITON@NOVAGALIA.COM.BR 
SILVA.CASADOSPARAFUSOS@GMAIL.COM 
nayaraexpmaia@hotmail.com 
michel.casadosparafusos@gmail.com 
SUELITON@NOVAGALIA.COM.BR 
ROBERTO@NOVAGALIA.COM.BR 
michel.casadosparafusos@gmail.com 
SILVA.CASADOSPARAFUSOS@GMAIL.COM 
SILVA.CASADOSPARAFUSOS@GMAIL.COM 
